<?xml version="1.0" encoding="UTF-8"?>
<!-- Generated by org.testng.reporters.JUnitReportReporter -->
<testsuite skipped="0" hostname="DESKTOP-NBIRALS" name="tests.LoginPageTest" tests="1" failures="0" timestamp="08 Jul 2019 04:15:44 GMT" time="4.652" errors="0">
  <testcase name="loginTest" time="4.652" classname="tests.LoginPageTest"/>
</testsuite> <!-- tests.LoginPageTest -->
